D:\proyectos\Nexos\PruebaNexos\wwwrot\dist\out-tsc\src\app\layouts\admin-layout\admin-layout.component.js
D:\proyectos\Nexos\PruebaNexos\wwwrot\dist\out-tsc\src\app\layouts\admin-layout\admin-layout.component.js.map
D:\proyectos\Nexos\PruebaNexos\wwwrot\dist\out-tsc\src\app\app-routing.module.js
D:\proyectos\Nexos\PruebaNexos\wwwrot\dist\out-tsc\src\app\app-routing.module.js.map
D:\proyectos\Nexos\PruebaNexos\wwwrot\dist\out-tsc\src\app\app.component.js
D:\proyectos\Nexos\PruebaNexos\wwwrot\dist\out-tsc\src\app\app.component.js.map
D:\proyectos\Nexos\PruebaNexos\wwwrot\dist\out-tsc\src\app\Plantilla\footer\footer.component.js
D:\proyectos\Nexos\PruebaNexos\wwwrot\dist\out-tsc\src\app\Plantilla\footer\footer.component.js.map
D:\proyectos\Nexos\PruebaNexos\wwwrot\dist\out-tsc\src\app\Plantilla\sidebar\sidebar.component.js
D:\proyectos\Nexos\PruebaNexos\wwwrot\dist\out-tsc\src\app\Plantilla\sidebar\sidebar.component.js.map
D:\proyectos\Nexos\PruebaNexos\wwwrot\dist\out-tsc\src\app\Plantilla\navbar\navbar.component.js
D:\proyectos\Nexos\PruebaNexos\wwwrot\dist\out-tsc\src\app\Plantilla\navbar\navbar.component.js.map
D:\proyectos\Nexos\PruebaNexos\wwwrot\dist\out-tsc\src\app\Plantilla\components.module.js
D:\proyectos\Nexos\PruebaNexos\wwwrot\dist\out-tsc\src\app\Plantilla\components.module.js.map
D:\proyectos\Nexos\PruebaNexos\wwwrot\dist\out-tsc\src\app\app.module.js
D:\proyectos\Nexos\PruebaNexos\wwwrot\dist\out-tsc\src\app\app.module.js.map
D:\proyectos\Nexos\PruebaNexos\wwwrot\dist\out-tsc\src\environments\environment.js
D:\proyectos\Nexos\PruebaNexos\wwwrot\dist\out-tsc\src\environments\environment.js.map
D:\proyectos\Nexos\PruebaNexos\wwwrot\dist\out-tsc\src\main.js
D:\proyectos\Nexos\PruebaNexos\wwwrot\dist\out-tsc\src\main.js.map
D:\proyectos\Nexos\PruebaNexos\wwwrot\dist\out-tsc\src\polyfills.js
D:\proyectos\Nexos\PruebaNexos\wwwrot\dist\out-tsc\src\polyfills.js.map
D:\proyectos\Nexos\PruebaNexos\wwwrot\dist\out-tsc\src\test.js
D:\proyectos\Nexos\PruebaNexos\wwwrot\dist\out-tsc\src\test.js.map
D:\proyectos\Nexos\PruebaNexos\wwwrot\dist\out-tsc\e2e\src\app.po.js
D:\proyectos\Nexos\PruebaNexos\wwwrot\dist\out-tsc\e2e\src\app.po.js.map
D:\proyectos\Nexos\PruebaNexos\wwwrot\dist\out-tsc\e2e\src\app.e2e-spec.js
D:\proyectos\Nexos\PruebaNexos\wwwrot\dist\out-tsc\e2e\src\app.e2e-spec.js.map
D:\proyectos\Nexos\PruebaNexos\wwwrot\dist\out-tsc\src\app\app.component.spec.js
D:\proyectos\Nexos\PruebaNexos\wwwrot\dist\out-tsc\src\app\app.component.spec.js.map
D:\proyectos\Nexos\PruebaNexos\wwwrot\dist\out-tsc\src\environments\environment.prod.js
D:\proyectos\Nexos\PruebaNexos\wwwrot\dist\out-tsc\src\environments\environment.prod.js.map
D:\proyectos\Nexos\PruebaNexos\wwwrot\dist\out-tsc\src\app\_models\Hospital.module.js
D:\proyectos\Nexos\PruebaNexos\wwwrot\dist\out-tsc\src\app\_models\Hospital.module.js.map
D:\proyectos\Nexos\PruebaNexos\wwwrot\dist\out-tsc\src\app\_models\Doctor.module.js
D:\proyectos\Nexos\PruebaNexos\wwwrot\dist\out-tsc\src\app\_models\Doctor.module.js.map
D:\proyectos\Nexos\PruebaNexos\wwwrot\dist\out-tsc\src\app\_models\Paciente.module.js
D:\proyectos\Nexos\PruebaNexos\wwwrot\dist\out-tsc\src\app\_models\Paciente.module.js.map
D:\proyectos\Nexos\PruebaNexos\wwwrot\dist\out-tsc\src\app\_models\Atencion.module.js
D:\proyectos\Nexos\PruebaNexos\wwwrot\dist\out-tsc\src\app\_models\Atencion.module.js.map
D:\proyectos\Nexos\PruebaNexos\wwwrot\dist\out-tsc\src\app\Helper\Service\service.service.js
D:\proyectos\Nexos\PruebaNexos\wwwrot\dist\out-tsc\src\app\Helper\Service\service.service.js.map
D:\proyectos\Nexos\PruebaNexos\wwwrot\dist\out-tsc\src\app\Helper\Service\service.service.spec.js
D:\proyectos\Nexos\PruebaNexos\wwwrot\dist\out-tsc\src\app\Helper\Service\service.service.spec.js.map
D:\proyectos\Nexos\PruebaNexos\wwwrot\dist\out-tsc\src\app\layouts\admin-layout\admin-layout.component.spec.js
D:\proyectos\Nexos\PruebaNexos\wwwrot\dist\out-tsc\src\app\layouts\admin-layout\admin-layout.component.spec.js.map
D:\proyectos\Nexos\PruebaNexos\wwwrot\dist\out-tsc\src\app\Helper\components\modal-confirmacion\modal-confirmacion.component.js
D:\proyectos\Nexos\PruebaNexos\wwwrot\dist\out-tsc\src\app\Helper\components\modal-confirmacion\modal-confirmacion.component.js.map
D:\proyectos\Nexos\PruebaNexos\wwwrot\dist\out-tsc\src\app\components\pacientes\lista-pacientes\lista-pacientes.component.js
D:\proyectos\Nexos\PruebaNexos\wwwrot\dist\out-tsc\src\app\components\pacientes\lista-pacientes\lista-pacientes.component.js.map
D:\proyectos\Nexos\PruebaNexos\wwwrot\dist\out-tsc\src\app\components\pacientes\editar-paciente\editar-paciente.component.js
D:\proyectos\Nexos\PruebaNexos\wwwrot\dist\out-tsc\src\app\components\pacientes\editar-paciente\editar-paciente.component.js.map
D:\proyectos\Nexos\PruebaNexos\wwwrot\dist\out-tsc\src\app\components\pacientes\detalle-paciente\detalle-paciente.component.js
D:\proyectos\Nexos\PruebaNexos\wwwrot\dist\out-tsc\src\app\components\pacientes\detalle-paciente\detalle-paciente.component.js.map
D:\proyectos\Nexos\PruebaNexos\wwwrot\dist\out-tsc\src\app\components\doctores\crear-doctor\crear-doctor.component.js
D:\proyectos\Nexos\PruebaNexos\wwwrot\dist\out-tsc\src\app\components\doctores\crear-doctor\crear-doctor.component.js.map
D:\proyectos\Nexos\PruebaNexos\wwwrot\dist\out-tsc\src\app\layouts\admin-layout\admin-layout.routing.js
D:\proyectos\Nexos\PruebaNexos\wwwrot\dist\out-tsc\src\app\layouts\admin-layout\admin-layout.routing.js.map
D:\proyectos\Nexos\PruebaNexos\wwwrot\dist\out-tsc\src\app\layouts\admin-layout\admin-layout.module.js
D:\proyectos\Nexos\PruebaNexos\wwwrot\dist\out-tsc\src\app\layouts\admin-layout\admin-layout.module.js.map
D:\proyectos\Nexos\PruebaNexos\wwwrot\dist\out-tsc\src\app\Plantilla\footer\footer.component.spec.js
D:\proyectos\Nexos\PruebaNexos\wwwrot\dist\out-tsc\src\app\Plantilla\footer\footer.component.spec.js.map
D:\proyectos\Nexos\PruebaNexos\wwwrot\dist\out-tsc\src\app\Plantilla\navbar\navbar.component.spec.js
D:\proyectos\Nexos\PruebaNexos\wwwrot\dist\out-tsc\src\app\Plantilla\navbar\navbar.component.spec.js.map
D:\proyectos\Nexos\PruebaNexos\wwwrot\dist\out-tsc\src\app\Plantilla\sidebar\sidebar.component.spec.js
D:\proyectos\Nexos\PruebaNexos\wwwrot\dist\out-tsc\src\app\Plantilla\sidebar\sidebar.component.spec.js.map
D:\proyectos\Nexos\PruebaNexos\wwwrot\dist\out-tsc\src\app\components\doctores\crear-doctor\crear-doctor.component.spec.js
D:\proyectos\Nexos\PruebaNexos\wwwrot\dist\out-tsc\src\app\components\doctores\crear-doctor\crear-doctor.component.spec.js.map
D:\proyectos\Nexos\PruebaNexos\wwwrot\dist\out-tsc\src\app\components\pacientes\detalle-paciente\detalle-paciente.component.spec.js
D:\proyectos\Nexos\PruebaNexos\wwwrot\dist\out-tsc\src\app\components\pacientes\detalle-paciente\detalle-paciente.component.spec.js.map
D:\proyectos\Nexos\PruebaNexos\wwwrot\dist\out-tsc\src\app\components\pacientes\editar-paciente\editar-paciente.component.spec.js
D:\proyectos\Nexos\PruebaNexos\wwwrot\dist\out-tsc\src\app\components\pacientes\editar-paciente\editar-paciente.component.spec.js.map
D:\proyectos\Nexos\PruebaNexos\wwwrot\dist\out-tsc\src\app\components\pacientes\lista-pacientes\lista-pacientes.component.spec.js
D:\proyectos\Nexos\PruebaNexos\wwwrot\dist\out-tsc\src\app\components\pacientes\lista-pacientes\lista-pacientes.component.spec.js.map
D:\proyectos\Nexos\PruebaNexos\wwwrot\dist\out-tsc\src\app\Helper\components\modal-confirmacion\modal-confirmacion.component.spec.js
D:\proyectos\Nexos\PruebaNexos\wwwrot\dist\out-tsc\src\app\Helper\components\modal-confirmacion\modal-confirmacion.component.spec.js.map
